Riviera-PRO 2017.02.99.6498(Linux64) 2020-04-17 00:41:37

Elaboration top modules:
Architecture                  tb(tb_punto1)


-----------------------------------------------------------------------------------------
Entity      | Architecture | Library | Info | Compiler Version     | Compilation Options
-----------------------------------------------------------------------------------------
tb_punto1   | tb           | work    |      | 2017.02.99 (Linux64) |  -2008
punto1      | rtl          | work    |      | 2017.02.99 (Linux64) |  -2008
contador    | rtl          | work    |      | 2017.02.99 (Linux64) |  -2008
bin2bcd9    | Behavioral   | work    |      | 2017.02.99 (Linux64) |  -2008
bcd2display | rtl          | work    |      | 2017.02.99 (Linux64) |  -2008
-----------------------------------------------------------------------------------------

-----------------------------------------------------------------------------------------
VHDL Package               | Library | Info | Compiler Version     | Compilation Options
-----------------------------------------------------------------------------------------
standard                   | std     |      |                      | <unavailable>
TEXTIO                     | std     |      | 2017.02.99 (Linux64) |  -2008
std_logic_1164             | ieee    |      | 2017.02.99 (Linux64) |  -2008
NUMERIC_STD                | ieee    |      | 2017.02.99 (Linux64) |  -2008
std_logic_arith            | ieee    |      | 2017.02.99 (Linux64) | <unavailable>
STD_LOGIC_UNSIGNED         | ieee    |      | 2017.02.99 (Linux64) | <unavailable>
-----------------------------------------------------------------------------------------

-----------------------------------------------------------------------------------------
Library                    | Comment
-----------------------------------------------------------------------------------------
ieee                       | Standard IEEE packages library
std                        | Standard VHDL library
work                       | None
-----------------------------------------------------------------------------------------


Simulation Options: asim tb_punto1

License to run VHDL performance optimized simulation unavailable.

The performance of simulation is reduced. Version EDU Edition
