Analysis & Synthesis report for SEMAFORO
Fri May 08 19:19:30 2020
Quartus II 64-Bit Version 13.0.1 Build 232 06/12/2013 Service Pack 1 SJ Web Edition


---------------------
; Table of Contents ;
---------------------
  1. Legal Notice
  2. Analysis & Synthesis Summary
  3. Analysis & Synthesis Settings
  4. Parallel Compilation
  5. Analysis & Synthesis Source Files Read
  6. Analysis & Synthesis Resource Usage Summary
  7. Analysis & Synthesis Resource Utilization by Entity
  8. State Machine - |SEMAFORO|estado_presente
  9. User-Specified and Inferred Latches
 10. General Register Statistics
 11. Analysis & Synthesis Messages



----------------
; Legal Notice ;
----------------
Copyright (C) 1991-2013 Altera Corporation
Your use of Altera Corporation's design tools, logic functions 
and other software and tools, and its AMPP partner logic 
functions, and any output files from any of the foregoing 
(including device programming or simulation files), and any 
associated documentation or information are expressly subject 
to the terms and conditions of the Altera Program License 
Subscription Agreement, Altera MegaCore Function License 
Agreement, or other applicable license agreement, including, 
without limitation, that your use is for the sole purpose of 
programming logic devices manufactured by Altera and sold by 
Altera or its authorized distributors.  Please refer to the 
applicable agreement for further details.



+-------------------------------------------------------------------------------+
; Analysis & Synthesis Summary                                                  ;
+-----------------------------+-------------------------------------------------+
; Analysis & Synthesis Status ; Successful - Fri May 08 19:19:30 2020           ;
; Quartus II 64-Bit Version   ; 13.0.1 Build 232 06/12/2013 SP 1 SJ Web Edition ;
; Revision Name               ; SEMAFORO                                        ;
; Top-level Entity Name       ; SEMAFORO                                        ;
; Family                      ; MAX V                                           ;
; Total logic elements        ; 32                                              ;
; Total pins                  ; 9                                               ;
; Total virtual pins          ; 0                                               ;
; UFM blocks                  ; 0 / 1 ( 0 % )                                   ;
+-----------------------------+-------------------------------------------------+


+----------------------------------------------------------------------------------------------------------------------+
; Analysis & Synthesis Settings                                                                                        ;
+----------------------------------------------------------------------------+--------------------+--------------------+
; Option                                                                     ; Setting            ; Default Value      ;
+----------------------------------------------------------------------------+--------------------+--------------------+
; Device                                                                     ; 5M40ZM64A5         ;                    ;
; Top-level entity name                                                      ; SEMAFORO           ; SEMAFORO           ;
; Family name                                                                ; MAX V              ; Cyclone IV GX      ;
; Use smart compilation                                                      ; Off                ; Off                ;
; Enable parallel Assembler and TimeQuest Timing Analyzer during compilation ; On                 ; On                 ;
; Enable compact report table                                                ; Off                ; Off                ;
; Restructure Multiplexers                                                   ; Auto               ; Auto               ;
; Create Debugging Nodes for IP Cores                                        ; Off                ; Off                ;
; Preserve fewer node names                                                  ; On                 ; On                 ;
; Disable OpenCore Plus hardware evaluation                                  ; Off                ; Off                ;
; Verilog Version                                                            ; Verilog_2001       ; Verilog_2001       ;
; VHDL Version                                                               ; VHDL_1993          ; VHDL_1993          ;
; State Machine Processing                                                   ; Auto               ; Auto               ;
; Safe State Machine                                                         ; Off                ; Off                ;
; Extract Verilog State Machines                                             ; On                 ; On                 ;
; Extract VHDL State Machines                                                ; On                 ; On                 ;
; Ignore Verilog initial constructs                                          ; Off                ; Off                ;
; Iteration limit for constant Verilog loops                                 ; 5000               ; 5000               ;
; Iteration limit for non-constant Verilog loops                             ; 250                ; 250                ;
; Add Pass-Through Logic to Inferred RAMs                                    ; On                 ; On                 ;
; Infer RAMs from Raw Logic                                                  ; On                 ; On                 ;
; Parallel Synthesis                                                         ; On                 ; On                 ;
; NOT Gate Push-Back                                                         ; On                 ; On                 ;
; Power-Up Don't Care                                                        ; On                 ; On                 ;
; Remove Redundant Logic Cells                                               ; Off                ; Off                ;
; Remove Duplicate Registers                                                 ; On                 ; On                 ;
; Ignore CARRY Buffers                                                       ; Off                ; Off                ;
; Ignore CASCADE Buffers                                                     ; Off                ; Off                ;
; Ignore GLOBAL Buffers                                                      ; Off                ; Off                ;
; Ignore ROW GLOBAL Buffers                                                  ; Off                ; Off                ;
; Ignore LCELL Buffers                                                       ; Off                ; Off                ;
; Ignore SOFT Buffers                                                        ; On                 ; On                 ;
; Limit AHDL Integers to 32 Bits                                             ; Off                ; Off                ;
; Optimization Technique                                                     ; Balanced           ; Balanced           ;
; Carry Chain Length                                                         ; 70                 ; 70                 ;
; Auto Carry Chains                                                          ; On                 ; On                 ;
; Auto Open-Drain Pins                                                       ; On                 ; On                 ;
; Perform WYSIWYG Primitive Resynthesis                                      ; Off                ; Off                ;
; Auto Shift Register Replacement                                            ; Auto               ; Auto               ;
; Allow Shift Register Merging across Hierarchies                            ; Auto               ; Auto               ;
; Auto Clock Enable Replacement                                              ; On                 ; On                 ;
; Allow Synchronous Control Signals                                          ; On                 ; On                 ;
; Force Use of Synchronous Clear Signals                                     ; Off                ; Off                ;
; Auto Resource Sharing                                                      ; Off                ; Off                ;
; Use LogicLock Constraints during Resource Balancing                        ; On                 ; On                 ;
; Ignore translate_off and synthesis_off directives                          ; Off                ; Off                ;
; Report Parameter Settings                                                  ; On                 ; On                 ;
; Report Source Assignments                                                  ; On                 ; On                 ;
; Report Connectivity Checks                                                 ; On                 ; On                 ;
; Ignore Maximum Fan-Out Assignments                                         ; Off                ; Off                ;
; Synchronization Register Chain Length                                      ; 2                  ; 2                  ;
; PowerPlay Power Optimization                                               ; Normal compilation ; Normal compilation ;
; HDL message level                                                          ; Level2             ; Level2             ;
; Suppress Register Optimization Related Messages                            ; Off                ; Off                ;
; Number of Removed Registers Reported in Synthesis Report                   ; 5000               ; 5000               ;
; Number of Swept Nodes Reported in Synthesis Report                         ; 5000               ; 5000               ;
; Number of Inverted Registers Reported in Synthesis Report                  ; 100                ; 100                ;
; Clock MUX Protection                                                       ; On                 ; On                 ;
; Block Design Naming                                                        ; Auto               ; Auto               ;
; Synthesis Effort                                                           ; Auto               ; Auto               ;
; Shift Register Replacement - Allow Asynchronous Clear Signal               ; On                 ; On                 ;
; Pre-Mapping Resynthesis Optimization                                       ; Off                ; Off                ;
; Analysis & Synthesis Message Level                                         ; Medium             ; Medium             ;
; Disable Register Merging Across Hierarchies                                ; Auto               ; Auto               ;
; Synthesis Seed                                                             ; 1                  ; 1                  ;
+----------------------------------------------------------------------------+--------------------+--------------------+


Parallel compilation was disabled, but you have multiple processors available. Enable parallel compilation to reduce compilation time.
+-------------------------------------+
; Parallel Compilation                ;
+----------------------------+--------+
; Processors                 ; Number ;
+----------------------------+--------+
; Number detected on machine ; 4      ;
; Maximum allowed            ; 1      ;
+----------------------------+--------+


+-------------------------------------------------------------------------------------------------------------------------------------------------------------------+
; Analysis & Synthesis Source Files Read                                                                                                                            ;
+----------------------------------+-----------------+-----------------+----------------------------------------------------------------------------------+---------+
; File Name with User-Entered Path ; Used in Netlist ; File Type       ; File Name with Absolute Path                                                     ; Library ;
+----------------------------------+-----------------+-----------------+----------------------------------------------------------------------------------+---------+
; SEMAFORO.vhd                     ; yes             ; User VHDL File  ; C:/Users/DECI/Documents/example vhdl/EXAMPLE-IN-VHDL/SEMAFORO_CRUCE/SEMAFORO.vhd ;         ;
+----------------------------------+-----------------+-----------------+----------------------------------------------------------------------------------+---------+


+------------------------------------------------------+
; Analysis & Synthesis Resource Usage Summary          ;
+---------------------------------------------+--------+
; Resource                                    ; Usage  ;
+---------------------------------------------+--------+
; Total logic elements                        ; 32     ;
;     -- Combinational with no register       ; 20     ;
;     -- Register only                        ; 0      ;
;     -- Combinational with a register        ; 12     ;
;                                             ;        ;
; Logic element usage by number of LUT inputs ;        ;
;     -- 4 input functions                    ; 6      ;
;     -- 3 input functions                    ; 12     ;
;     -- 2 input functions                    ; 13     ;
;     -- 1 input functions                    ; 1      ;
;     -- 0 input functions                    ; 0      ;
;                                             ;        ;
; Logic elements by mode                      ;        ;
;     -- normal mode                          ; 28     ;
;     -- arithmetic mode                      ; 4      ;
;     -- qfbk mode                            ; 0      ;
;     -- register cascade mode                ; 0      ;
;     -- synchronous clear/load mode          ; 0      ;
;     -- asynchronous clear/load mode         ; 5      ;
;                                             ;        ;
; Total registers                             ; 12     ;
; Total logic cells in carry chains           ; 5      ;
; I/O pins                                    ; 9      ;
; Maximum fan-out node                        ; clk_1s ;
; Maximum fan-out                             ; 12     ;
; Total fan-out                               ; 110    ;
; Average fan-out                             ; 2.68   ;
+---------------------------------------------+--------+


+----------------------------------------------------------------------------------------------------------------------------------------------------------------------------------------------------------------------+
; Analysis & Synthesis Resource Utilization by Entity                                                                                                                                                                  ;
+----------------------------+-------------+--------------+------------+------+--------------+--------------+-------------------+------------------+-----------------+------------+---------------------+--------------+
; Compilation Hierarchy Node ; Logic Cells ; LC Registers ; UFM Blocks ; Pins ; Virtual Pins ; LUT-Only LCs ; Register-Only LCs ; LUT/Register LCs ; Carry Chain LCs ; Packed LCs ; Full Hierarchy Name ; Library Name ;
+----------------------------+-------------+--------------+------------+------+--------------+--------------+-------------------+------------------+-----------------+------------+---------------------+--------------+
; |SEMAFORO                  ; 32 (32)     ; 12           ; 0          ; 9    ; 0            ; 20 (20)      ; 0 (0)             ; 12 (12)          ; 5 (5)           ; 0 (0)      ; |SEMAFORO           ; work         ;
+----------------------------+-------------+--------------+------------+------+--------------+--------------+-------------------+------------------+-----------------+------------+---------------------+--------------+
Note: For table entries with two numbers listed, the numbers in parentheses indicate the number of resources of the given type used by the specific entity alone. The numbers listed outside of parentheses indicate the total resources of the given type used by the specific entity and all of its sub-entities in the hierarchy.


Encoding Type:  One-Hot
+---------------------------------------------------------------------------------------------------------------------------------------------------------------------------+
; State Machine - |SEMAFORO|estado_presente                                                                                                                                 ;
+------------------------------+------------------------+------------------------------+---------------------------+------------------------------+-------------------------+
; Name                         ; estado_presente.espera ; estado_presente.camiamarillo ; estado_presente.camiverde ; estado_presente.carramarillo ; estado_presente.inicial ;
+------------------------------+------------------------+------------------------------+---------------------------+------------------------------+-------------------------+
; estado_presente.inicial      ; 0                      ; 0                            ; 0                         ; 0                            ; 0                       ;
; estado_presente.carramarillo ; 0                      ; 0                            ; 0                         ; 1                            ; 1                       ;
; estado_presente.camiverde    ; 0                      ; 0                            ; 1                         ; 0                            ; 1                       ;
; estado_presente.camiamarillo ; 0                      ; 1                            ; 0                         ; 0                            ; 1                       ;
; estado_presente.espera       ; 1                      ; 0                            ; 0                         ; 0                            ; 1                       ;
+------------------------------+------------------------+------------------------------+---------------------------+------------------------------+-------------------------+


+---------------------------------------------------------------------------------------------------+
; User-Specified and Inferred Latches                                                               ;
+----------------------------------------------------+---------------------+------------------------+
; Latch Name                                         ; Latch Enable Signal ; Free of Timing Hazards ;
+----------------------------------------------------+---------------------+------------------------+
; rural[0]$latch                                     ; Selector6           ; yes                    ;
; rural[1]$latch                                     ; Selector6           ; yes                    ;
; rural[2]$latch                                     ; Selector6           ; yes                    ;
; carretera[0]$latch                                 ; Selector8           ; yes                    ;
; carretera[1]$latch                                 ; Selector8           ; yes                    ;
; carretera[2]$latch                                 ; Selector8           ; yes                    ;
; reset_cuenta                                       ; Selector6           ; yes                    ;
; Number of user-specified and inferred latches = 7  ;                     ;                        ;
+----------------------------------------------------+---------------------+------------------------+
Note: All latches listed above may not be present at the end of synthesis due to various synthesis optimizations.


+------------------------------------------------------+
; General Register Statistics                          ;
+----------------------------------------------+-------+
; Statistic                                    ; Value ;
+----------------------------------------------+-------+
; Total registers                              ; 12    ;
; Number of registers using Synchronous Clear  ; 0     ;
; Number of registers using Synchronous Load   ; 0     ;
; Number of registers using Asynchronous Clear ; 5     ;
; Number of registers using Asynchronous Load  ; 0     ;
; Number of registers using Clock Enable       ; 0     ;
; Number of registers using Preset             ; 0     ;
+----------------------------------------------+-------+


+-------------------------------+
; Analysis & Synthesis Messages ;
+-------------------------------+
Info: *******************************************************************
Info: Running Quartus II 64-Bit Analysis & Synthesis
    Info: Version 13.0.1 Build 232 06/12/2013 Service Pack 1 SJ Web Edition
    Info: Processing started: Fri May 08 19:19:28 2020
Info: Command: quartus_map --read_settings_files=on --write_settings_files=off SEMAFORO -c SEMAFORO
Warning (20028): Parallel compilation is not licensed and has been disabled
Info (12021): Found 2 design units, including 1 entities, in source file semaforo.vhd
    Info (12022): Found design unit 1: SEMAFORO-moore
    Info (12023): Found entity 1: SEMAFORO
Info (12127): Elaborating entity "SEMAFORO" for the top level hierarchy
Warning (10492): VHDL Process Statement warning at SEMAFORO.vhd(74): signal "fin_corto" is read inside the Process Statement but isn't in the Process Statement's sensitivity list
Warning (10492): VHDL Process Statement warning at SEMAFORO.vhd(90): signal "fin_largo" is read inside the Process Statement but isn't in the Process Statement's sensitivity list
Warning (10631): VHDL Process Statement warning at SEMAFORO.vhd(52): inferring latch(es) for signal or variable "reset_cuenta", which holds its previous value in one or more paths through the process
Warning (10631): VHDL Process Statement warning at SEMAFORO.vhd(52): inferring latch(es) for signal or variable "carretera", which holds its previous value in one or more paths through the process
Warning (10631): VHDL Process Statement warning at SEMAFORO.vhd(52): inferring latch(es) for signal or variable "rural", which holds its previous value in one or more paths through the process
Info (10041): Inferred latch for "rural[0]" at SEMAFORO.vhd(52)
Info (10041): Inferred latch for "rural[1]" at SEMAFORO.vhd(52)
Info (10041): Inferred latch for "rural[2]" at SEMAFORO.vhd(52)
Info (10041): Inferred latch for "carretera[0]" at SEMAFORO.vhd(52)
Info (10041): Inferred latch for "carretera[1]" at SEMAFORO.vhd(52)
Info (10041): Inferred latch for "carretera[2]" at SEMAFORO.vhd(52)
Info (10041): Inferred latch for "reset_cuenta" at SEMAFORO.vhd(52)
Warning (13012): Latch rural[0]$latch has unsafe behavior
    Warning (13013): Ports D and ENA on the latch are fed by the same signal estado_presente.camiverde
Warning (13012): Latch rural[2]$latch has unsafe behavior
    Warning (13013): Ports D and ENA on the latch are fed by the same signal estado_presente.inicial
Warning (13012): Latch carretera[0]$latch has unsafe behavior
    Warning (13013): Ports D and ENA on the latch are fed by the same signal estado_presente.inicial
Warning (13012): Latch carretera[2]$latch has unsafe behavior
    Warning (13013): Ports D and ENA on the latch are fed by the same signal estado_presente.camiverde
Warning (13012): Latch reset_cuenta has unsafe behavior
    Warning (13013): Ports D and ENA on the latch are fed by the same signal estado_presente.inicial
Info (21057): Implemented 41 device resources after synthesis - the final resource count might be different
    Info (21058): Implemented 3 input pins
    Info (21059): Implemented 6 output pins
    Info (21061): Implemented 32 logic cells
Info: Quartus II 64-Bit Analysis & Synthesis was successful. 0 errors, 16 warnings
    Info: Peak virtual memory: 4613 megabytes
    Info: Processing ended: Fri May 08 19:19:30 2020
    Info: Elapsed time: 00:00:02
    Info: Total CPU time (on all processors): 00:00:02


