Riviera-PRO 2017.02.99.6498(Linux64) 2020-04-17 00:39:58

Elaboration top modules:
Architecture                  tb(tb_shl)


--------------------------------------------------------------------------------------
Entity   | Architecture | Library | Info | Compiler Version     | Compilation Options
--------------------------------------------------------------------------------------
tb_shl   | tb           | work    |      | 2017.02.99 (Linux64) |  -2008
shl      | rtl          | work    |      | 2017.02.99 (Linux64) |  -2008
--------------------------------------------------------------------------------------

--------------------------------------------------------------------------------------
VHDL Package            | Library | Info | Compiler Version     | Compilation Options
--------------------------------------------------------------------------------------
standard                | std     |      |                      | <unavailable>
TEXTIO                  | std     |      | 2017.02.99 (Linux64) |  -2008
std_logic_1164          | ieee    |      | 2017.02.99 (Linux64) |  -2008
--------------------------------------------------------------------------------------

--------------------------------------------------------------------------------------
Library                 | Comment
--------------------------------------------------------------------------------------
ieee                    | Standard IEEE packages library
std                     | Standard VHDL library
work                    | None
--------------------------------------------------------------------------------------


Simulation Options: asim tb_shl

License to run VHDL performance optimized simulation unavailable.

The performance of simulation is reduced. Version EDU Edition
